<?xml version="1.0" encoding="UTF-8"?>
<testng-results ignored="0" total="7" passed="7" failed="0" skipped="0">
  <reporter-output>
  </reporter-output>
  <suite started-at="2023-12-10T15:13:15 IST" name="SwagLabsTests" finished-at="2023-12-10T15:13:28 IST" duration-ms="13058">
    <groups>
    </groups>
    <test started-at="2023-12-10T15:13:15 IST" name="MyTest" finished-at="2023-12-10T15:13:28 IST" duration-ms="13058">
      <class name="com.swagLabsTest.testcases.LoginTest">
        <test-method is-config="true" signature="setUp()[pri:0, instance:com.swagLabsTest.testcases.LoginTest@1bb5a082]" started-at="2023-12-10T15:13:15 IST" name="setUp" finished-at="2023-12-10T15:13:23 IST" duration-ms="7795" status="PASS">
          <reporter-output>
          </reporter-output>
        </test-method> <!-- setUp -->
        <test-method signature="testLogin(java.lang.String,java.lang.String,java.lang.String,java.lang.String)[pri:1, instance:com.swagLabsTest.testcases.LoginTest@1bb5a082]" started-at="2023-12-10T15:13:25 IST" name="testLogin" data-provider="LoginDataProvider" finished-at="2023-12-10T15:13:26 IST" duration-ms="422" status="PASS">
          <params>
            <param index="0">
              <value>
                <![CDATA[]]>
              </value>
            </param>
            <param index="1">
              <value>
                <![CDATA[]]>
              </value>
            </param>
            <param index="2">
              <value>
                <![CDATA[Epic sadface: Username is required]]>
              </value>
            </param>
            <param index="3">
              <value>
                <![CDATA[invalid]]>
              </value>
            </param>
          </params>
          <reporter-output>
          </reporter-output>
        </test-method> <!-- testLogin -->
        <test-method signature="testLogin(java.lang.String,java.lang.String,java.lang.String,java.lang.String)[pri:1, instance:com.swagLabsTest.testcases.LoginTest@1bb5a082]" started-at="2023-12-10T15:13:26 IST" name="testLogin" data-provider="LoginDataProvider" finished-at="2023-12-10T15:13:26 IST" duration-ms="337" status="PASS">
          <params>
            <param index="0">
              <value>
                <![CDATA[]]>
              </value>
            </param>
            <param index="1">
              <value>
                <![CDATA[secret_sauce]]>
              </value>
            </param>
            <param index="2">
              <value>
                <![CDATA[Epic sadface: Username is required]]>
              </value>
            </param>
            <param index="3">
              <value>
                <![CDATA[invalid]]>
              </value>
            </param>
          </params>
          <reporter-output>
          </reporter-output>
        </test-method> <!-- testLogin -->
        <test-method signature="testLogin(java.lang.String,java.lang.String,java.lang.String,java.lang.String)[pri:1, instance:com.swagLabsTest.testcases.LoginTest@1bb5a082]" started-at="2023-12-10T15:13:26 IST" name="testLogin" data-provider="LoginDataProvider" finished-at="2023-12-10T15:13:26 IST" duration-ms="316" status="PASS">
          <params>
            <param index="0">
              <value>
                <![CDATA[standard_user]]>
              </value>
            </param>
            <param index="1">
              <value>
                <![CDATA[]]>
              </value>
            </param>
            <param index="2">
              <value>
                <![CDATA[Epic sadface: Password is required]]>
              </value>
            </param>
            <param index="3">
              <value>
                <![CDATA[invalid]]>
              </value>
            </param>
          </params>
          <reporter-output>
          </reporter-output>
        </test-method> <!-- testLogin -->
        <test-method signature="testLogin(java.lang.String,java.lang.String,java.lang.String,java.lang.String)[pri:1, instance:com.swagLabsTest.testcases.LoginTest@1bb5a082]" started-at="2023-12-10T15:13:26 IST" name="testLogin" data-provider="LoginDataProvider" finished-at="2023-12-10T15:13:27 IST" duration-ms="385" status="PASS">
          <params>
            <param index="0">
              <value>
                <![CDATA[standard_user123]]>
              </value>
            </param>
            <param index="1">
              <value>
                <![CDATA[secret_sauce]]>
              </value>
            </param>
            <param index="2">
              <value>
                <![CDATA[Epic sadface: Username and password do not match any user in this service]]>
              </value>
            </param>
            <param index="3">
              <value>
                <![CDATA[invalid]]>
              </value>
            </param>
          </params>
          <reporter-output>
          </reporter-output>
        </test-method> <!-- testLogin -->
        <test-method signature="testLogin(java.lang.String,java.lang.String,java.lang.String,java.lang.String)[pri:1, instance:com.swagLabsTest.testcases.LoginTest@1bb5a082]" started-at="2023-12-10T15:13:27 IST" name="testLogin" data-provider="LoginDataProvider" finished-at="2023-12-10T15:13:27 IST" duration-ms="398" status="PASS">
          <params>
            <param index="0">
              <value>
                <![CDATA[standar d_user124]]>
              </value>
            </param>
            <param index="1">
              <value>
                <![CDATA[secret_sauce]]>
              </value>
            </param>
            <param index="2">
              <value>
                <![CDATA[Epic sadface: Username and password do not match any user in this service]]>
              </value>
            </param>
            <param index="3">
              <value>
                <![CDATA[invalid]]>
              </value>
            </param>
          </params>
          <reporter-output>
          </reporter-output>
        </test-method> <!-- testLogin -->
        <test-method signature="testLogin(java.lang.String,java.lang.String,java.lang.String,java.lang.String)[pri:1, instance:com.swagLabsTest.testcases.LoginTest@1bb5a082]" started-at="2023-12-10T15:13:27 IST" name="testLogin" data-provider="LoginDataProvider" finished-at="2023-12-10T15:13:28 IST" duration-ms="376" status="PASS">
          <params>
            <param index="0">
              <value>
                <![CDATA[standard_user]]>
              </value>
            </param>
            <param index="1">
              <value>
                <![CDATA[secret_sauce]]>
              </value>
            </param>
            <param index="2">
              <value>
                <![CDATA[Products]]>
              </value>
            </param>
            <param index="3">
              <value>
                <![CDATA[valid]]>
              </value>
            </param>
          </params>
          <reporter-output>
          </reporter-output>
        </test-method> <!-- testLogin -->
        <test-method signature="verifyIslogoDisplayed()[pri:2, instance:com.swagLabsTest.testcases.LoginTest@1bb5a082]" started-at="2023-12-10T15:13:28 IST" name="verifyIslogoDisplayed" finished-at="2023-12-10T15:13:28 IST" depends-on-methods="com.swagLabsTest.testcases.LoginTest.testLogin" duration-ms="76" status="PASS">
          <reporter-output>
          </reporter-output>
        </test-method> <!-- verifyIslogoDisplayed -->
        <test-method is-config="true" signature="tearDown()[pri:0, instance:com.swagLabsTest.testcases.LoginTest@1bb5a082]" started-at="2023-12-10T15:13:28 IST" name="tearDown" finished-at="2023-12-10T15:13:28 IST" duration-ms="258" status="PASS">
          <reporter-output>
          </reporter-output>
        </test-method> <!-- tearDown -->
      </class> <!-- com.swagLabsTest.testcases.LoginTest -->
    </test> <!-- MyTest -->
  </suite> <!-- SwagLabsTests -->
</testng-results>
