<?xml version="1.0" encoding="UTF-8"?>
<!-- Generated by org.testng.reporters.JUnitXMLReporter -->
<testsuite ignored="0" hostname="ZabithPC" failures="0" tests="7" name="MyTest" time="13.058" errors="0" timestamp="2023-12-10T15:13:28 IST">
  <testcase classname="com.swagLabsTest.testcases.LoginTest" name="testLogin" time="0.422"/>
  <testcase classname="com.swagLabsTest.testcases.LoginTest" name="testLogin" time="0.337"/>
  <testcase classname="com.swagLabsTest.testcases.LoginTest" name="testLogin" time="0.316"/>
  <testcase classname="com.swagLabsTest.testcases.LoginTest" name="testLogin" time="0.385"/>
  <testcase classname="com.swagLabsTest.testcases.LoginTest" name="testLogin" time="0.398"/>
  <testcase classname="com.swagLabsTest.testcases.LoginTest" name="testLogin" time="0.376"/>
  <testcase classname="com.swagLabsTest.testcases.LoginTest" name="verifyIslogoDisplayed" time="0.076"/>
</testsuite> <!-- MyTest -->
